2023-10-18T06:40:19+00:00 INFO Doing Task:set_settings
2023-10-18T06:40:19+00:00 INFO Task Done:set_settings
2023-10-18T06:40:19+00:00 INFO Doing Task:create_default_lists
2023-10-18T06:40:20+00:00 INFO Task Done:create_default_lists
2023-10-18T06:40:20+00:00 INFO Doing Task:create_contacts_and_add_to_list
2023-10-18T06:40:20+00:00 INFO Task Done:create_contacts_and_add_to_list
2023-10-18T06:40:20+00:00 INFO Doing Task:add_default_workflows
2023-10-18T06:40:21+00:00 INFO Task Done:add_default_workflows
2023-10-18T06:40:21+00:00 INFO Doing Task:create_default_newsletter_broadcast
2023-10-18T06:40:21+00:00 INFO Task Done:create_default_newsletter_broadcast
2023-10-18T06:40:21+00:00 INFO Doing Task:create_default_post_notification
2023-10-18T06:40:21+00:00 INFO Task Done:create_default_post_notification
2023-10-18T06:40:21+00:00 INFO Doing Task:create_default_subscription_form
2023-10-18T06:40:21+00:00 INFO Task Done:create_default_subscription_form
2023-10-18T06:40:21+00:00 INFO Doing Task:add_widget_to_sidebar
2023-10-18T06:40:22+00:00 INFO Task Done:add_widget_to_sidebar
2023-10-18T06:40:59+00:00 INFO Doing Task:subscribe_to_es
2023-10-18T06:41:01+00:00 INFO Task Done:subscribe_to_es
2023-10-18T06:41:01+00:00 INFO Doing Task:save_final_configuration
2023-10-18T06:41:01+00:00 INFO Task Done:save_final_configuration
